<?xml version="1.0" encoding="UTF-8"?>
<!-- Generated by org.testng.reporters.JUnitReportReporter -->
<testsuite hostname="Alok-PC" name="testpages.manageuserstest" tests="6" failures="0" timestamp="17 Jan 2018 13:52:46 GMT" time="93.010" errors="0">
  <testcase name="uploadT2users" time="26.938" classname="testpages.manageuserstest"/>
  <testcase name="editt0test" time="6.849" classname="testpages.manageuserstest"/>
  <testcase name="downloadT2uploadTemplate" time="8.904" classname="testpages.manageuserstest"/>
  <testcase name="creat1T1users" time="23.078" classname="testpages.manageuserstest"/>
  <testcase name="searchT0users" time="13.556" classname="testpages.manageuserstest"/>
  <testcase name="creatingt0user1" time="13.685" classname="testpages.manageuserstest"/>
</testsuite> <!-- testpages.manageuserstest -->
