<?xml version="1.0" encoding="UTF-8"?>
<!-- Generated by org.testng.reporters.JUnitReportReporter -->
<testsuite hostname="Alok-PC" name="cctv.t0editTest" tests="2" failures="0" timestamp="30 Dec 2017 20:26:00 GMT" time="0.020" errors="0">
  <testcase name="t0editTest1" time="0.000" classname="cctv.t0editTest"/>
  <testcase name="editT0" time="0.020" classname="cctv.t0editTest"/>
</testsuite> <!-- cctv.t0editTest -->
