<?xml version="1.0" encoding="UTF-8"?>
<!-- Generated by org.testng.reporters.JUnitReportReporter -->
<testsuite hostname="Alok-PC" name="testpages.manageuserstest" tests="6" failures="0" timestamp="16 Jan 2018 18:43:50 GMT" time="90.628" errors="0">
  <testcase name="uploadT2users" time="26.739" classname="testpages.manageuserstest"/>
  <testcase name="editt0test" time="6.781" classname="testpages.manageuserstest"/>
  <testcase name="downloadT2uploadTemplate" time="8.405" classname="testpages.manageuserstest"/>
  <testcase name="creat1T1users" time="22.420" classname="testpages.manageuserstest"/>
  <testcase name="searchT0users" time="12.870" classname="testpages.manageuserstest"/>
  <testcase name="creatingt0user1" time="13.413" classname="testpages.manageuserstest"/>
</testsuite> <!-- testpages.manageuserstest -->
