<?xml version="1.0" encoding="UTF-8"?>
<!-- Generated by org.testng.reporters.JUnitReportReporter -->
<testsuite hostname="Alok-PC" name="utils.login" tests="1" failures="0" timestamp="31 Dec 2017 15:25:04 GMT" time="64.613" errors="0">
  <testcase name="logincctv" time="64.613" classname="utils.login"/>
</testsuite> <!-- utils.login -->
